#
# A fatal error has been detected by the Java Runtime Environment:
#
#  EXCEPTION_ACCESS_VIOLATION (0xc0000005) at pc=0x062d4296, pid=9972, tid=9084
#
# JRE version: 6.0_17-b04
# Java VM: Java HotSpot(TM) Client VM (14.3-b01 mixed mode windows-x86 )
# Problematic frame:
# C  [Splat.dll+0x4296]
#
# If you would like to submit a bug report, please visit:
#   http://java.sun.com/webapps/bugreport/crash.jsp
# The crash happened outside the Java Virtual Machine in native code.
# See problematic frame for where to report the bug.
#

---------------  T H R E A D  ---------------

Current thread (0x20c87000):  JavaThread "AWT-Windows" daemon [_thread_in_native, id=9084, stack(0x0ff00000,0x0ff80000)]

siginfo: ExceptionCode=0xc0000005, writing address 0x00380a9c

Registers:
EAX=0x00000000, EBX=0x76a2ae0d, ECX=0x00380a2c, EDX=0x000002a5
ESP=0x0ff7dbf8, EBP=0x0ff7f2cc, ESI=0x002d0376, EDI=0x00380a2c
EIP=0x062d4296, EFLAGS=0x00010246

Top of Stack: (sp=0x0ff7dbf8)
0x0ff7dbf8:   00000004 00000004 00000000 7fe876cc
0x0ff7dc08:   00000000 00000006 0ff7f30c 002d0376
0x0ff7dc18:   77072ae2 ab014fc0 0cba28d8 0000000d
0x0ff7dc28:   0cb90cc8 00000000 0ff7ddb4 0ff7dc64
0x0ff7dc38:   0cba19e8 0cb90a94 00000020 0ff7dc54
0x0ff7dc48:   0ff7ddb4 742ba590 00000000 76a367b9
0x0ff7dc58:   0000001f 0000001f 0ff7ddb4 0ff7dc74
0x0ff7dc68:   00000000 76a898d8 00000400 0ff7dcac 

Instructions: (pc=0x062d4296)
0x062d4286:   8b 4c 24 10 83 79 04 00 8b cf 75 21 6a 04 6a 04
0x062d4296:   c7 47 70 04 00 00 00 c7 47 78 04 00 00 00 e8 57 


Stack: [0x0ff00000,0x0ff80000],  sp=0x0ff7dbf8,  free space=502k
Native frames: (J=compiled Java code, j=interpreted, Vv=VM code, C=native code)
C  [Splat.dll+0x4296]
C  [USER32.dll+0x7a1a]
C  [USER32.dll+0x4999]
C  [USER32.dll+0x14f7d]
C  [ntdll.dll+0x4702e]
C  [USER32.dll+0x164a1]

Java frames: (J=compiled Java code, j=interpreted, Vv=VM code)
j  sun.awt.windows.WToolkit.eventLoop()V+0
j  sun.awt.windows.WToolkit.run()V+69
j  java.lang.Thread.run()V+11
v  ~StubRoutines::call_stub

---------------  P R O C E S S  ---------------

Java Threads: ( => current thread )
  0x27c62000 JavaThread "Code Analyzer updating thread" [_thread_blocked, id=8680, stack(0x32dd0000,0x32e50000)]
  0x27c60800 JavaThread "Code Analyzer updating thread" [_thread_blocked, id=4228, stack(0x30fa0000,0x31020000)]
  0x27c61c00 JavaThread "pool-2-thread-1" [_thread_blocked, id=8700, stack(0x29020000,0x290a0000)]
  0x27c60400 JavaThread "com.jniwrapper.NativeResourceCollector" daemon [_thread_blocked, id=1416, stack(0x27940000,0x279c0000)]
  0x27c61400 JavaThread "XpcMessageLoop" daemon [_thread_in_native, id=7776, stack(0x26a50000,0x26ad0000)]
  0x20e85800 JavaThread "pool-7-thread-1" [_thread_blocked, id=4712, stack(0x0d6e0000,0x0d760000)]
  0x20e86400 JavaThread "Code Analyzer updating thread" [_thread_blocked, id=2588, stack(0x0ce00000,0x0ce80000)]
  0x20e85400 JavaThread "Prefs Updater" daemon [_thread_blocked, id=7352, stack(0x0bfb0000,0x0c030000)]
  0x20e86c00 JavaThread "Code Analyzer updating thread" [_thread_blocked, id=916, stack(0x092b0000,0x09330000)]
  0x20e87000 JavaThread "Foxtrot Multi Worker Thread Runner #1" daemon [_thread_blocked, id=8964, stack(0x08ee0000,0x08f60000)]
  0x20eadc00 JavaThread "Swing-Shell" daemon [_thread_blocked, id=10004, stack(0x0bce0000,0x0bd60000)]
  0x20e84c00 JavaThread "Code Analyzer updating thread" [_thread_blocked, id=10132, stack(0x27bd0000,0x27c50000)]
  0x20ead000 JavaThread "Code Analyzer updating thread" [_thread_blocked, id=7460, stack(0x27130000,0x271b0000)]
  0x20e84400 JavaThread "Code Analyzer updating thread" [_thread_blocked, id=4820, stack(0x27b10000,0x27b90000)]
  0x20e84000 JavaThread "Code Analyzer updating thread" [_thread_blocked, id=6304, stack(0x27200000,0x27280000)]
  0x20e83800 JavaThread "Active Reference Queue Daemon" daemon [_thread_blocked, id=7876, stack(0x27010000,0x27090000)]
  0x211b6000 JavaThread "Timer-8" daemon [_thread_blocked, id=10172, stack(0x270b0000,0x27130000)]
  0x211b5800 JavaThread "Timer-7" daemon [_thread_blocked, id=5340, stack(0x26f90000,0x27010000)]
  0x20eaf400 JavaThread "Explorer NavigationContext request queue" [_thread_blocked, id=4672, stack(0x26030000,0x260b0000)]
  0x20eae800 JavaThread "AddressBar directory emptiness poller" [_thread_blocked, id=9148, stack(0x26cf0000,0x26d70000)]
  0x20eae400 JavaThread "Explorer Refresh Service 33433767" [_thread_blocked, id=6140, stack(0x26b60000,0x26be0000)]
  0x20ead800 JavaThread "Timer-1" daemon [_thread_blocked, id=9528, stack(0x260e0000,0x26160000)]
  0x20eacc00 JavaThread "TimerQueue" daemon [_thread_blocked, id=5420, stack(0x0cad0000,0x0cb50000)]
  0x20eac400 JavaThread "Thread-5" daemon [_thread_blocked, id=6720, stack(0x22240000,0x222c0000)]
  0x20eac000 JavaThread "FelixPackageAdmin" daemon [_thread_blocked, id=4492, stack(0x221c0000,0x22240000)]
  0x20de0800 JavaThread "FelixStartLevel" daemon [_thread_blocked, id=7740, stack(0x21f00000,0x21f80000)]
  0x20de0000 JavaThread "FelixDispatchQueue" daemon [_thread_blocked, id=9556, stack(0x21fa0000,0x22020000)]
  0x20d71800 JavaThread "AWT-EventQueue-0" [_thread_in_native, id=4644, stack(0x21e70000,0x21ef0000)]
  0x20d1d000 JavaThread "com.google.common.base.internal.Finalizer" daemon [_thread_blocked, id=7752, stack(0x0f440000,0x0f4c0000)]
=>0x20c87000 JavaThread "AWT-Windows" daemon [_thread_in_native, id=9084, stack(0x0ff00000,0x0ff80000)]
  0x20c85c00 JavaThread "AWT-Shutdown" [_thread_blocked, id=6584, stack(0x0ff80000,0x10000000)]
  0x20c85400 JavaThread "Java2D Disposer" daemon [_thread_blocked, id=8540, stack(0x0ca40000,0x0cac0000)]
  0x20980800 JavaThread "Timer-0" [_thread_blocked, id=6396, stack(0x0e2c0000,0x0e340000)]
  0x20863400 JavaThread "EventMgr Dispatcher" daemon [_thread_in_native, id=5024, stack(0x07530000,0x07d30000)]
  0x07331400 JavaThread "Low Memory Detector" daemon [_thread_blocked, id=9644, stack(0x0a710000,0x0a790000)]
  0x0732fc00 JavaThread "CompilerThread0" daemon [_thread_blocked, id=6748, stack(0x0ec10000,0x0f410000)]
  0x07327400 JavaThread "Attach Listener" daemon [_thread_blocked, id=7300, stack(0x07da0000,0x07e20000)]
  0x072f0000 JavaThread "Finalizer" daemon [_thread_blocked, id=8764, stack(0x09d70000,0x09df0000)]
  0x072ee800 JavaThread "Reference Handler" daemon [_thread_blocked, id=6824, stack(0x09460000,0x094e0000)]
  0x0712e000 JavaThread "main" [_thread_in_native, id=5104, stack(0x00110000,0x00910000)]

Other Threads:
  0x072eb400 VMThread [stack: 0x0e370000,0x0eb70000] [id=8624]
  0x07335c00 WatcherThread [stack: 0x0f4e0000,0x0fce0000] [id=4920]

VM state:not at safepoint (normal execution)

VM Mutex/Monitor currently owned by a thread: None

Heap
 def new generation   total 29504K, used 15492K [0x12010000, 0x14010000, 0x14010000)
  eden space 26240K,  55% used [0x12010000, 0x12e4cb98, 0x139b0000)
  from space 3264K,  27% used [0x13ce0000, 0x13dc4510, 0x14010000)
  to   space 3264K,   0% used [0x139b0000, 0x139b0000, 0x13ce0000)
 tenured generation   total 98304K, used 92155K [0x14010000, 0x1a010000, 0x1a010000)
   the space 98304K,  93% used [0x14010000, 0x19a0ef98, 0x19a0f000, 0x1a010000)
 compacting perm gen  total 50176K, used 49994K [0x1a010000, 0x1d110000, 0x20010000)
   the space 50176K,  99% used [0x1a010000, 0x1d0e2a40, 0x1d0e2c00, 0x1d110000)
No shared spaces configured.

Dynamic libraries:
0x00b90000 - 0x00bb7000 	C:\Program Files\MATLAB\R2012b\bin\win32\MATLAB.exe
0x77220000 - 0x7735c000 	C:\Windows\SYSTEM32\ntdll.dll
0x76f60000 - 0x77034000 	C:\Windows\system32\kernel32.dll
0x75350000 - 0x7539b000 	C:\Windows\system32\KERNELBASE.dll
0x7ef10000 - 0x7ef9c000 	C:\Program Files\MATLAB\R2012b\bin\win32\libut.dll
0x7dce0000 - 0x7dd5a000 	C:\Program Files\MATLAB\R2012b\bin\win32\libmwi18n.dll
0x10000000 - 0x10009000 	C:\Program Files\MATLAB\R2012b\bin\win32\libmwresource_core.dll
0x00910000 - 0x0099e000 	C:\Windows\WinSxS\x86_microsoft.vc90.crt_1fc8b3b9a1e18e3b_9.0.30729.6161_none_50934f2ebcb7eb57\MSVCP90.dll
0x009a0000 - 0x00a43000 	C:\Windows\WinSxS\x86_microsoft.vc90.crt_1fc8b3b9a1e18e3b_9.0.30729.6161_none_50934f2ebcb7eb57\MSVCR90.dll
0x736b0000 - 0x736d3000 	C:\Program Files\MATLAB\R2012b\bin\win32\boost_filesystem-vc90-mt-1_44.dll
0x73f70000 - 0x73f77000 	C:\Program Files\MATLAB\R2012b\bin\win32\boost_system-vc90-mt-1_44.dll
0x75660000 - 0x75700000 	C:\Windows\system32\ADVAPI32.dll
0x773a0000 - 0x7744c000 	C:\Windows\system32\msvcrt.dll
0x77380000 - 0x77399000 	C:\Windows\SYSTEM32\sechost.dll
0x76e40000 - 0x76ee2000 	C:\Windows\system32\RPCRT4.dll
0x73550000 - 0x7356f000 	C:\Program Files\MATLAB\R2012b\bin\win32\LIBEXPAT.dll
0x72eb0000 - 0x73035000 	C:\Program Files\MATLAB\R2012b\bin\win32\icuin44.dll
0x7ea10000 - 0x7eb2f000 	C:\Program Files\MATLAB\R2012b\bin\win32\icuuc44.dll
0x00bc0000 - 0x01a01000 	C:\Program Files\MATLAB\R2012b\bin\win32\icudt44.dll
0x01a10000 - 0x01b30000 	C:\Program Files\MATLAB\R2012b\bin\win32\libmwfl.dll
0x01b30000 - 0x01e38000 	C:\Program Files\MATLAB\R2012b\bin\win32\libmwMATLAB_res.dll
0x73d00000 - 0x73d0e000 	C:\Program Files\MATLAB\R2012b\bin\win32\boost_date_time-vc90-mt-1_44.dll
0x73c80000 - 0x73c8f000 	C:\Program Files\MATLAB\R2012b\bin\win32\boost_signals-vc90-mt-1_44.dll
0x73d10000 - 0x73d1e000 	C:\Program Files\MATLAB\R2012b\bin\win32\boost_thread-vc90-mt-1_44.dll
0x01e80000 - 0x01f0c000 	C:\Program Files\MATLAB\R2012b\bin\win32\boost_log-vc90-mt-1_44.dll
0x75a90000 - 0x75a95000 	C:\Windows\system32\PSAPI.DLL
0x769e0000 - 0x76a15000 	C:\Windows\system32\WS2_32.dll
0x77360000 - 0x77366000 	C:\Windows\system32\NSI.dll
0x01f20000 - 0x01f53000 	C:\Program Files\MATLAB\R2012b\bin\win32\tbb.dll
0x755a0000 - 0x755cb000 	C:\Windows\system32\imagehlp.dll
0x73db0000 - 0x73dbf000 	C:\Program Files\MATLAB\R2012b\bin\win32\icuio44.dll
0x72460000 - 0x7254b000 	C:\Windows\system32\dbghelp.dll
0x76a20000 - 0x76ae9000 	C:\Windows\system32\USER32.dll
0x77170000 - 0x771be000 	C:\Windows\system32\GDI32.dll
0x75920000 - 0x7592a000 	C:\Windows\system32\LPK.dll
0x77040000 - 0x770dd000 	C:\Windows\system32\USP10.dll
0x01f80000 - 0x021a0000 	C:\Program Files\MATLAB\R2012b\bin\win32\libmwservices.dll
0x7db50000 - 0x7dbe7000 	C:\Program Files\MATLAB\R2012b\bin\win32\libmx.dll
0x021c0000 - 0x021dd000 	C:\Program Files\MATLAB\R2012b\bin\win32\tbbmalloc.dll
0x73730000 - 0x73744000 	C:\Program Files\MATLAB\R2012b\bin\win32\zlib1.dll
0x02200000 - 0x02235000 	C:\Program Files\MATLAB\R2012b\bin\win32\libmwregexp.dll
0x02250000 - 0x0226a000 	C:\Program Files\MATLAB\R2012b\bin\win32\libmwmfl_scalar.dll
0x7df40000 - 0x7df79000 	C:\Program Files\MATLAB\R2012b\bin\win32\mpath.dll
0x72990000 - 0x72da0000 	C:\Program Files\MATLAB\R2012b\bin\win32\mlutil.dll
0x7d670000 - 0x7d6ce000 	C:\Program Files\MATLAB\R2012b\bin\win32\xmlcore.dll
0x71cf0000 - 0x71ea2000 	C:\Program Files\MATLAB\R2012b\bin\win32\xerces-c_2_7.dll
0x022c0000 - 0x022db000 	C:\Program Files\MATLAB\R2012b\bin\win32\libmwMATLAB_settings_res.dll
0x022f0000 - 0x022fd000 	C:\Program Files\MATLAB\R2012b\bin\win32\boost_iostreams-vc90-mt-1_44.dll
0x02310000 - 0x02349000 	C:\Program Files\MATLAB\R2012b\bin\win32\boost_serialization-vc90-mt-1_44.dll
0x75d90000 - 0x769da000 	C:\Windows\system32\SHELL32.dll
0x76af0000 - 0x76b47000 	C:\Windows\system32\SHLWAPI.dll
0x70080000 - 0x70104000 	C:\Windows\WinSxS\x86_microsoft.windows.common-controls_6595b64144ccf1df_5.82.7601.18201_none_ec80f00e8593ece5\COMCTL32.dll
0x75700000 - 0x7577b000 	C:\Windows\system32\COMDLG32.dll
0x73870000 - 0x73881000 	C:\Windows\system32\NETAPI32.dll
0x74a20000 - 0x74a29000 	C:\Windows\system32\netutils.dll
0x74d40000 - 0x74d59000 	C:\Windows\system32\srvcli.dll
0x737b0000 - 0x737bf000 	C:\Windows\system32\wkscli.dll
0x75930000 - 0x75a8c000 	C:\Windows\system32\ole32.dll
0x755d0000 - 0x7565f000 	C:\Windows\system32\OLEAUT32.dll
0x7f270000 - 0x7f2f7000 	C:\Program Files\MATLAB\R2012b\bin\win32\mcr.dll
0x02370000 - 0x02670000 	C:\Program Files\MATLAB\R2012b\bin\win32\iqm.dll
0x7f630000 - 0x7f6af000 	C:\Program Files\MATLAB\R2012b\bin\win32\m_dispatcher.dll
0x7f130000 - 0x7f1ec000 	C:\Program Files\MATLAB\R2012b\bin\win32\boost_regex-vc90-mt-1_44.dll
0x026a0000 - 0x02be1000 	C:\Program Files\MATLAB\R2012b\bin\win32\m_interpreter.dll
0x02c00000 - 0x02c1c000 	C:\Program Files\MATLAB\R2012b\bin\win32\libmex.dll
0x02c30000 - 0x02c8c000 	C:\Program Files\MATLAB\R2012b\bin\win32\profiler.dll
0x02ca0000 - 0x02ecc000 	C:\Program Files\MATLAB\R2012b\bin\win32\libmwmathutil.dll
0x734f0000 - 0x73513000 	C:\Program Files\MATLAB\R2012b\bin\win32\libmwmathrng.dll
0x02ef0000 - 0x02eff000 	C:\Program Files\MATLAB\R2012b\bin\win32\libmwmfl_rng.dll
0x7c390000 - 0x7c428000 	C:\Program Files\MATLAB\R2012b\bin\win32\libmwmathcore.dll
0x7e000000 - 0x7e04b000 	C:\Program Files\MATLAB\R2012b\bin\win32\libmwspmatrix.dll
0x7dbf0000 - 0x7dc3b000 	C:\Program Files\MATLAB\R2012b\bin\win32\libmwcholmod.dll
0x73e70000 - 0x73e7a000 	C:\Program Files\MATLAB\R2012b\bin\win32\libmwamd.dll
0x73e80000 - 0x73e8a000 	C:\Program Files\MATLAB\R2012b\bin\win32\libmwcolamd.dll
0x73dd0000 - 0x73de1000 	C:\Program Files\MATLAB\R2012b\bin\win32\libmwblas.dll
0x73d30000 - 0x73d3d000 	C:\Program Files\MATLAB\R2012b\bin\win32\libmwbinder.dll
0x73ea0000 - 0x73eaa000 	C:\Program Files\MATLAB\R2012b\bin\win32\libmwompwrapper.dll
0x02f90000 - 0x02fc9000 	C:\Program Files\MATLAB\R2012b\bin\win32\libmwlapack.dll
0x73140000 - 0x73155000 	C:\Program Files\MATLAB\R2012b\bin\win32\m_pcodeio.dll
0x7e080000 - 0x7e0ca000 	C:\Program Files\MATLAB\R2012b\bin\win32\m_ir.dll
0x03000000 - 0x03550000 	C:\Program Files\MATLAB\R2012b\bin\win32\m_parser.dll
0x03560000 - 0x03572000 	C:\Program Files\MATLAB\R2012b\bin\win32\ir_xfmr.dll
0x03590000 - 0x0373a000 	C:\Program Files\MATLAB\R2012b\bin\win32\mcos.dll
0x73610000 - 0x7361e000 	C:\Program Files\MATLAB\R2012b\bin\win32\mtok.dll
0x03760000 - 0x03784000 	C:\Program Files\MATLAB\R2012b\bin\win32\m_pcodegen.dll
0x7e1c0000 - 0x7e1e9000 	C:\Program Files\MATLAB\R2012b\bin\win32\libmwbridge.dll
0x037b0000 - 0x03843000 	C:\Program Files\MATLAB\R2012b\bin\win32\udd.dll
0x03860000 - 0x0396e000 	C:\Program Files\MATLAB\R2012b\bin\win32\libmwgui.dll
0x03980000 - 0x03992000 	C:\Program Files\MATLAB\R2012b\bin\win32\graphics_util.dll
0x039b0000 - 0x04076000 	C:\Program Files\MATLAB\R2012b\bin\win32\hg.dll
0x04090000 - 0x040d4000 	C:\Program Files\MATLAB\R2012b\bin\win32\libmat.dll
0x040f0000 - 0x042d5000 	C:\Program Files\MATLAB\R2012b\bin\win32\hdf5dll.dll
0x7d9d0000 - 0x7da66000 	C:\Program Files\MATLAB\R2012b\bin\win32\jmi.dll
0x04300000 - 0x0430b000 	C:\Program Files\MATLAB\R2012b\bin\win32\nativejava_services.dll
0x04320000 - 0x04354000 	C:\Program Files\MATLAB\R2012b\bin\win32\libmwhardcopy.dll
0x04370000 - 0x043b4000 	C:\Program Files\MATLAB\R2012b\bin\win32\libuij.dll
0x043d0000 - 0x04583000 	C:\Program Files\MATLAB\R2012b\bin\win32\hgdatatypes.dll
0x045a0000 - 0x04661000 	C:\Program Files\MATLAB\R2012b\bin\win32\hgutils.dll
0x04680000 - 0x04708000 	C:\Program Files\MATLAB\R2012b\bin\win32\udd_mi.dll
0x04720000 - 0x04750000 	C:\Program Files\MATLAB\R2012b\bin\win32\libmwgbtutils.dll
0x04760000 - 0x04773000 	C:\Program Files\MATLAB\R2012b\bin\win32\libmwgbt.dll
0x74dc0000 - 0x7505b000 	C:\Program Files\MATLAB\R2012b\bin\win32\uiw.dll
0x739f0000 - 0x739fd000 	C:\Program Files\MATLAB\R2012b\bin\win32\uinone.dll
0x047b0000 - 0x047cf000 	C:\Program Files\MATLAB\R2012b\bin\win32\libmwnativefiledialogs.dll
0x047e0000 - 0x047e7000 	C:\Program Files\MATLAB\R2012b\bin\win32\libmwplatform_res.dll
0x04800000 - 0x04812000 	C:\Windows\system32\MPR.dll
0x04820000 - 0x04bbd000 	C:\Windows\WinSxS\x86_microsoft.vc90.mfc_1fc8b3b9a1e18e3b_9.0.30729.6161_none_4bf7e3e2bf9ada4c\mfc90.dll
0x04bc0000 - 0x04bc5000 	C:\Windows\system32\MSIMG32.dll
0x04bd0000 - 0x04c21000 	C:\Windows\system32\WINSPOOL.DRV
0x04c30000 - 0x04c49000 	C:\Program Files\MATLAB\R2012b\bin\win32\mwoles05.DLL
0x04c60000 - 0x04cb5000 	C:\Program Files\MATLAB\R2012b\bin\win32\comcli.dll
0x04cd0000 - 0x04cfb000 	C:\Windows\WinSxS\x86_microsoft.vc90.atl_1fc8b3b9a1e18e3b_9.0.30729.6161_none_51cd0a7abbe4e19b\ATL90.DLL
0x73400000 - 0x73409000 	C:\Program Files\MATLAB\R2012b\bin\win32\mlautoregister.dll
0x76f40000 - 0x76f5f000 	C:\Windows\system32\IMM32.DLL
0x75aa0000 - 0x75b6c000 	C:\Windows\system32\MSCTF.dll
0x74280000 - 0x742c0000 	C:\Windows\system32\UxTheme.dll
0x73e50000 - 0x73e63000 	C:\Windows\system32\dwmapi.dll
0x04e50000 - 0x04e5d000 	C:\Windows\WinSxS\x86_microsoft.vc90.mfcloc_1fc8b3b9a1e18e3b_9.0.30729.6161_none_49768ef57548175e\MFC90ENU.DLL
0x75280000 - 0x7528b000 	C:\Windows\system32\profapi.dll
0x04e80000 - 0x04e8b000 	C:\Program Files\MATLAB\R2012b\bin\win32\xmlxrcsc.dll
0x75170000 - 0x7517c000 	C:\Windows\system32\CRYPTBASE.dll
0x062d0000 - 0x06322000 	C:\Program Files\SplitView 2014\Splat.dll
0x742c0000 - 0x7445e000 	C:\Windows\WinSxS\x86_microsoft.windows.common-controls_6595b64144ccf1df_6.0.7601.17514_none_41e6975e2bd6f2b2\comctl32.dll
0x75780000 - 0x7591d000 	C:\Windows\system32\SETUPAPI.dll
0x75520000 - 0x75547000 	C:\Windows\system32\CFGMGR32.dll
0x75550000 - 0x75562000 	C:\Windows\system32\DEVOBJ.dll
0x770e0000 - 0x77163000 	C:\Windows\system32\CLBCatQ.DLL
0x064f0000 - 0x065e5000 	C:\Windows\system32\propsys.dll

VM Arguments:
jvm_args: -Xss512k -XX:PermSize=32m -Xms64m -XX:NewRatio=3 -XX:MaxPermSize=96m -Xmx128m -XX:MaxDirectMemorySize=1200000000 -Dsun.java2d.noddraw=true -Dsun.awt.nopixfmt=true -Xshare:off -Xrs -Dsun.awt.disableMixing=true -Djava.library.path=C:\Program Files\MATLAB\R2012b\bin\win32;C:\Program Files\MATLAB\R2012b\sys\jxbrowser\win32\lib vfprintf abort 
java_command: <unknown>
Launcher Type: generic

Environment Variables:
PATH=C:\Windows\system32;C:\Windows;C:\Windows\System32\Wbem;C:\Windows\System32\WindowsPowerShell\v1.0\;C:\Program Files\MATLAB\R2012b\runtime\win32;C:\Program Files\MATLAB\R2012b\bin;c:\Program Files\Microsoft SQL Server\100\Tools\Binn\;c:\Program Files\Microsoft SQL Server\100\DTS\Binn\;
USERNAME=bwhe3635
OS=Windows_NT
PROCESSOR_IDENTIFIER=x86 Family 6 Model 42 Stepping 7, GenuineIntel



---------------  S Y S T E M  ---------------

OS: Windows 7 Build 7601 Service Pack 1

CPU:total 4 (8 cores per cpu, 2 threads per core) family 6 model 42 stepping 7, cmov, cx8, fxsr, mmx, sse, sse2, sse3, ssse3, sse4.1, sse4.2, ht

Memory: 4k page, physical 3318716k(955896k free), swap 4194303k(2292660k free)

vm_info: Java HotSpot(TM) Client VM (14.3-b01) for windows-x86 JRE (1.6.0_17-b04), built on Oct 11 2009 00:52:06 by "java_re" with MS VC++ 7.1

time: Sun Jun 22 16:16:22 2014
elapsed time: 177052 seconds

